[debug] [2026-03-24T09:35:23.003Z] ----------------------------------------------------------------------
[debug] [2026-03-24T09:35:23.004Z] Command:       /home/anjali-tyagi/.nvm/versions/node/v24.13.1/bin/node /home/anjali-tyagi/.nvm/versions/node/v24.13.1/bin/firebase init
[debug] [2026-03-24T09:35:23.005Z] CLI Version:   15.9.0
[debug] [2026-03-24T09:35:23.005Z] Platform:      linux
[debug] [2026-03-24T09:35:23.005Z] Node Version:  v24.13.1
[debug] [2026-03-24T09:35:23.005Z] Time:          Tue Mar 24 2026 15:05:23 GMT+0530 (India Standard Time)
[debug] [2026-03-24T09:35:23.005Z] ----------------------------------------------------------------------
[debug] 
[debug] [2026-03-24T09:35:23.006Z] >>> [apiv2][query] GET https://firebase-public.firebaseio.com/cli.json [none]
[info] 
     ######## #### ########  ######## ########     ###     ######  ########
     ##        ##  ##     ## ##       ##     ##  ##   ##  ##       ##
     ######    ##  ########  ######   ########  #########  ######  ######
     ##        ##  ##    ##  ##       ##     ## ##     ##       ## ##
     ##       #### ##     ## ######## ########  ##     ##  ######  ########

You're about to initialize a Firebase project in this directory:

  /home/anjali-tyagi/nowted-next

[debug] [2026-03-24T09:35:24.525Z] <<< [apiv2][status] GET https://firebase-public.firebaseio.com/cli.json 200
[debug] [2026-03-24T09:35:24.526Z] <<< [apiv2][body] GET https://firebase-public.firebaseio.com/cli.json {"cloudBuildErrorAfter":1594252800000,"cloudBuildWarnAfter":1590019200000,"defaultNode10After":1594252800000,"minVersion":"3.0.5","node8DeploysDisabledAfter":1613390400000,"node8RuntimeDisabledAfter":1615809600000,"node8WarnAfter":1600128000000}
[info] 
=== Project Setup
[info] 
[info] First, let's associate this project directory with a Firebase project.
[info] You can create multiple project aliases by running firebase use --add, 
[info] 
[debug] [2026-03-24T09:35:53.867Z] > command requires scopes: ["email","openid","https://www.googleapis.com/auth/cloudplatformprojects.readonly","https://www.googleapis.com/auth/firebase","https://www.googleapis.com/auth/cloud-platform"]
[debug] [2026-03-24T09:35:53.867Z] > authorizing via signed-in user (anjali.tyagi@remotestate.in)
[debug] [2026-03-24T09:35:53.869Z] Checked if tokens are valid: false, expires at: 1773304440757
[debug] [2026-03-24T09:35:53.869Z] Checked if tokens are valid: false, expires at: 1773304440757
[debug] [2026-03-24T09:35:53.869Z] > refreshing access token with scopes: []
[debug] [2026-03-24T09:35:53.871Z] >>> [apiv2][query] POST https://www.googleapis.com/oauth2/v3/token [none]
[debug] [2026-03-24T09:35:53.871Z] >>> [apiv2][body] POST https://www.googleapis.com/oauth2/v3/token [omitted]
[debug] [2026-03-24T09:35:54.113Z] <<< [apiv2][status] POST https://www.googleapis.com/oauth2/v3/token 200
[debug] [2026-03-24T09:35:54.113Z] <<< [apiv2][body] POST https://www.googleapis.com/oauth2/v3/token [omitted]
[debug] [2026-03-24T09:35:54.123Z] >>> [apiv2][query] GET https://firebase.googleapis.com/v1beta1/projects pageSize=100
[debug] [2026-03-24T09:35:54.951Z] <<< [apiv2][status] GET https://firebase.googleapis.com/v1beta1/projects 200
[debug] [2026-03-24T09:35:54.951Z] <<< [apiv2][body] GET https://firebase.googleapis.com/v1beta1/projects [omitted]
[info] 
=== Hosting Setup
[debug] [2026-03-24T09:36:03.158Z] Checked if tokens are valid: true, expires at: 1774348553114
[debug] [2026-03-24T09:36:03.158Z] Checked if tokens are valid: true, expires at: 1774348553114
[debug] [2026-03-24T09:36:03.158Z] >>> [apiv2][query] GET https://firebase.googleapis.com/v1beta1/projects/nowted-next [none]
[debug] [2026-03-24T09:36:03.843Z] <<< [apiv2][status] GET https://firebase.googleapis.com/v1beta1/projects/nowted-next 200
[debug] [2026-03-24T09:36:03.843Z] <<< [apiv2][body] GET https://firebase.googleapis.com/v1beta1/projects/nowted-next {"projectId":"nowted-next","projectNumber":"449494895588","displayName":"nowted-next","name":"projects/nowted-next","resources":{"hostingSite":"nowted-next"},"state":"ACTIVE","etag":"1_e9b8c9d0-baef-44a7-a1e7-29e9a16121e2"}
[info] 
[info] Your public directory is the folder (relative to your project directory) that
[info] will contain Hosting assets to be uploaded with firebase deploy. If you
[info] have a build process for your assets, use your build's output directory.
[info] 
